2026-04-07T15:08:06+02:00 action=create payload={"name":"BIOLAB"}
2026-04-07T15:09:19+02:00 action=create payload={"name":"DIRECCION"}
2026-04-07T15:11:24+02:00 action=delete payload={"action":"delete","id":42}
2026-04-07T15:11:24+02:00 delete_check id=42 rows=1
2026-04-07T15:11:24+02:00 delete_update id=42 affected=1
2026-04-07T15:11:36+02:00 action=create payload={"name":"DIRECCION"}
2026-04-07T15:11:50+02:00 action=delete payload={"action":"delete","id":42}
2026-04-07T15:11:51+02:00 delete_check id=42 rows=1
2026-04-07T15:11:51+02:00 delete_update id=42 affected=1
2026-04-07T15:13:32+02:00 action=create payload={"name":"DIRECCION"}
2026-04-07T15:13:51+02:00 action=delete payload={"action":"delete","id":42}
2026-04-07T15:13:51+02:00 delete_check id=42 rows=1
2026-04-07T15:13:51+02:00 delete_update id=42 affected=1
2026-04-07T15:15:03+02:00 action=create payload={"name":"DIRECCION"}
2026-04-07T15:17:52+02:00 action=delete payload={"action":"delete","id":42}
2026-04-07T15:17:52+02:00 delete_check id=42 rows=1
2026-04-07T15:17:52+02:00 delete_update id=42 affected=1
2026-04-07T15:18:08+02:00 action=create payload={"name":"DIRECCION"}
2026-04-07T15:18:23+02:00 action=create payload={"name":"DIRECCION"}
2026-04-07T15:19:47+02:00 action=create payload={"name":"DIRECCION"}
2026-04-07T15:20:45+02:00 action=delete payload={"action":"delete","id":42}
2026-04-07T15:20:45+02:00 delete_check id=42 rows=1
2026-04-07T15:20:45+02:00 delete_update id=42 affected=1
2026-04-07T15:23:22+02:00 action=create payload={"name":"DIRECCION"}
2026-04-07T15:23:35+02:00 action=create payload={"name":"DIRECCION"}
2026-04-07T15:23:50+02:00 action=create payload={"name":"direccion"}
2026-04-07T15:24:41+02:00 action=create payload={"name":"DIRECCION"}
2026-04-07T15:25:48+02:00 action=create payload={"name":"DIRECCION"}
2026-04-07T15:26:04+02:00 action=rename payload={"action":"rename","id":42,"name":"DIRECCIONES"}
2026-04-07T15:26:12+02:00 action=delete payload={"action":"delete","id":42}
2026-04-07T15:26:12+02:00 delete_check id=42 rows=1
2026-04-07T15:26:12+02:00 delete_update id=42 affected=1
2026-04-07T15:27:12+02:00 action=create payload={"name":"DIRECCION"}
2026-04-07T15:28:31+02:00 action=delete payload={"action":"delete","id":57}
2026-04-07T15:28:31+02:00 delete_check id=57 rows=1
2026-04-07T15:28:31+02:00 delete_update id=57 affected=1
2026-04-07T15:29:54+02:00 action=create payload={"name":"DIRECCION"}
2026-04-07T15:30:06+02:00 action=rename payload={"action":"rename","id":57,"name":"DIRECCIONES"}
2026-04-07T15:31:13+02:00 action=rename payload={"action":"rename","id":57,"name":"DIRECCIONES"}
